<?xml version="1.0" encoding="UTF-8"?>
<testng-results ignored="0" total="4" passed="4" failed="0" skipped="0">
  <reporter-output>
  </reporter-output>
  <suite started-at="2024-08-10T20:10:01 IST" name="Default suite" finished-at="2024-08-10T20:12:29 IST" duration-ms="148729">
    <groups>
      <group name="cucumber">
        <method signature="AbstractTestNGCucumberTests.runScenario(io.cucumber.testng.PickleWrapper, io.cucumber.testng.FeatureWrapper)[pri:0, instance:testrunner.TestRunner2@5158b42f]" name="runScenario" class="io.cucumber.testng.AbstractTestNGCucumberTests"/>
      </group> <!-- cucumber -->
    </groups>
    <test started-at="2024-08-10T20:10:01 IST" name="Default test" finished-at="2024-08-10T20:12:29 IST" duration-ms="148729">
      <class name="testrunner.TestRunner2">
        <test-method is-config="true" signature="setUpClass(org.testng.ITestContext)[pri:0, instance:testrunner.TestRunner2@5158b42f]" started-at="2024-08-10T20:10:01 IST" name="setUpClass" finished-at="2024-08-10T20:10:02 IST" duration-ms="1808" status="PASS">
          <params>
            <param index="0">
              <value>
                <![CDATA[org.testng.TestRunner@7227926b]]>
              </value>
            </param>
          </params>
          <reporter-output>
          </reporter-output>
        </test-method> <!-- setUpClass -->
        <test-method signature="runScenario(io.cucumber.testng.PickleWrapper, io.cucumber.testng.FeatureWrapper)[pri:0, instance:testrunner.TestRunner2@5158b42f]" started-at="2024-08-10T20:10:03 IST" name="runScenario" description="Runs Cucumber Scenarios" data-provider="scenarios" finished-at="2024-08-10T20:10:15 IST" duration-ms="12002" status="PASS">
          <params>
            <param index="0">
              <value>
                <![CDATA["Validate that Sign-In page title is "Customer Login""]]>
              </value>
            </param>
            <param index="1">
              <value>
                <![CDATA["Optional[SignIn]"]]>
              </value>
            </param>
          </params>
          <reporter-output>
          </reporter-output>
        </test-method> <!-- runScenario -->
        <test-method signature="runScenario(io.cucumber.testng.PickleWrapper, io.cucumber.testng.FeatureWrapper)[pri:0, instance:testrunner.TestRunner2@5158b42f]" started-at="2024-08-10T20:10:15 IST" name="runScenario" description="Runs Cucumber Scenarios" data-provider="scenarios" finished-at="2024-08-10T20:10:25 IST" duration-ms="10299" status="PASS">
          <params>
            <param index="0">
              <value>
                <![CDATA["Validate that Sign-In page form contains below elements:-"]]>
              </value>
            </param>
            <param index="1">
              <value>
                <![CDATA["Optional[SignIn]"]]>
              </value>
            </param>
          </params>
          <reporter-output>
          </reporter-output>
        </test-method> <!-- runScenario -->
        <test-method signature="runScenario(io.cucumber.testng.PickleWrapper, io.cucumber.testng.FeatureWrapper)[pri:0, instance:testrunner.TestRunner2@5158b42f]" started-at="2024-08-10T20:10:25 IST" name="runScenario" description="Runs Cucumber Scenarios" data-provider="scenarios" finished-at="2024-08-10T20:11:37 IST" duration-ms="72304" status="PASS">
          <params>
            <param index="0">
              <value>
                <![CDATA["Validate that user logs in successfully using valid credentials"]]>
              </value>
            </param>
            <param index="1">
              <value>
                <![CDATA["Optional[SignIn]"]]>
              </value>
            </param>
          </params>
          <reporter-output>
          </reporter-output>
        </test-method> <!-- runScenario -->
        <test-method signature="runScenario(io.cucumber.testng.PickleWrapper, io.cucumber.testng.FeatureWrapper)[pri:0, instance:testrunner.TestRunner2@5158b42f]" started-at="2024-08-10T20:11:37 IST" name="runScenario" description="Runs Cucumber Scenarios" data-provider="scenarios" finished-at="2024-08-10T20:12:21 IST" duration-ms="43969" status="PASS">
          <params>
            <param index="0">
              <value>
                <![CDATA["Validate that user is not able to login using invalid credentials"]]>
              </value>
            </param>
            <param index="1">
              <value>
                <![CDATA["Optional[SignIn]"]]>
              </value>
            </param>
          </params>
          <reporter-output>
          </reporter-output>
        </test-method> <!-- runScenario -->
        <test-method is-config="true" signature="tearDownClass()[pri:0, instance:testrunner.TestRunner2@5158b42f]" started-at="2024-08-10T20:12:21 IST" name="tearDownClass" finished-at="2024-08-10T20:12:29 IST" duration-ms="8241" status="PASS">
          <reporter-output>
          </reporter-output>
        </test-method> <!-- tearDownClass -->
      </class> <!-- testrunner.TestRunner2 -->
    </test> <!-- Default test -->
  </suite> <!-- Default suite -->
</testng-results>
